<?xml version="1.0" encoding="UTF-8"?>
<!-- Generated by org.testng.reporters.JUnitXMLReporter -->
<testsuite ignored="0" hostname="Koneri" failures="0" tests="5" name="test1" time="38.948" errors="0" timestamp="28 Jul 2021 22:10:16 GMT">
  <testcase classname="Gidproject.artidproject.NewTest1" name="f" time="4.62"/>
  <testcase classname="Gidproject.artidproject.NewTest2" name="f" time="5.778"/>
  <testcase classname="Gidproject.artidproject.NewTest" name="testcase1_1" time="1.726"/>
  <testcase classname="Gidproject.artidproject.NewTest" name="testcase1_2" time="1.788"/>
  <testcase classname="Gidproject.artidproject.NewTest" name="testcase1_3" time="2.007"/>
</testsuite> <!-- test1 -->
