<?xml version="1.0" encoding="UTF-8"?>
<testng-results ignored="0" total="5" passed="5" failed="0" skipped="0">
  <reporter-output>
  </reporter-output>
  <suite started-at="2021-07-28T22:09:37Z" name="Suite" finished-at="2021-07-28T22:10:16Z" duration-ms="38948">
    <groups>
      <group name="Login">
        <method signature="NewTest.testcase1_1()[pri:2, instance:Gidproject.artidproject.NewTest@762ef0ea]" name="testcase1_1" class="Gidproject.artidproject.NewTest"/>
        <method signature="NewTest.testcase1_2()[pri:2, instance:Gidproject.artidproject.NewTest@762ef0ea]" name="testcase1_2" class="Gidproject.artidproject.NewTest"/>
        <method signature="NewTest.testcase1_3()[pri:2, instance:Gidproject.artidproject.NewTest@762ef0ea]" name="testcase1_3" class="Gidproject.artidproject.NewTest"/>
      </group> <!-- Login -->
    </groups>
    <test started-at="2021-07-28T22:09:37Z" name="test1" finished-at="2021-07-28T22:10:16Z" duration-ms="38948">
      <class name="Gidproject.artidproject.NewTest2">
        <test-method is-config="true" signature="beforeMethod()[pri:0, instance:Gidproject.artidproject.NewTest2@424e1977]" started-at="2021-07-28T22:09:47Z" name="beforeMethod" finished-at="2021-07-28T22:09:52Z" duration-ms="4398" status="PASS">
          <reporter-output>
          </reporter-output>
        </test-method> <!-- beforeMethod -->
        <test-method signature="f()[pri:0, instance:Gidproject.artidproject.NewTest2@424e1977]" started-at="2021-07-28T22:09:52Z" name="f" finished-at="2021-07-28T22:09:57Z" duration-ms="5778" status="PASS">
          <reporter-output>
          </reporter-output>
        </test-method> <!-- f -->
        <test-method is-config="true" signature="afterMethod()[pri:0, instance:Gidproject.artidproject.NewTest2@424e1977]" started-at="2021-07-28T22:09:57Z" name="afterMethod" finished-at="2021-07-28T22:09:58Z" duration-ms="164" status="PASS">
          <reporter-output>
          </reporter-output>
        </test-method> <!-- afterMethod -->
      </class> <!-- Gidproject.artidproject.NewTest2 -->
      <class name="Gidproject.artidproject.NewTest">
        <test-method is-config="true" signature="beforeMethod()[pri:0, instance:Gidproject.artidproject.NewTest@762ef0ea]" started-at="2021-07-28T22:09:58Z" name="beforeMethod" finished-at="2021-07-28T22:10:01Z" duration-ms="3843" status="PASS">
          <reporter-output>
          </reporter-output>
        </test-method> <!-- beforeMethod -->
        <test-method signature="testcase1_1()[pri:2, instance:Gidproject.artidproject.NewTest@762ef0ea]" started-at="2021-07-28T22:10:01Z" name="testcase1_1" finished-at="2021-07-28T22:10:03Z" duration-ms="1726" status="PASS">
          <reporter-output>
          </reporter-output>
        </test-method> <!-- testcase1_1 -->
        <test-method is-config="true" signature="afterMethod()[pri:0, instance:Gidproject.artidproject.NewTest@762ef0ea]" started-at="2021-07-28T22:10:03Z" name="afterMethod" finished-at="2021-07-28T22:10:03Z" duration-ms="85" status="PASS">
          <reporter-output>
          </reporter-output>
        </test-method> <!-- afterMethod -->
        <test-method is-config="true" signature="beforeMethod()[pri:0, instance:Gidproject.artidproject.NewTest@762ef0ea]" started-at="2021-07-28T22:10:03Z" name="beforeMethod" finished-at="2021-07-28T22:10:08Z" duration-ms="4538" status="PASS">
          <reporter-output>
          </reporter-output>
        </test-method> <!-- beforeMethod -->
        <test-method signature="testcase1_2()[pri:2, instance:Gidproject.artidproject.NewTest@762ef0ea]" started-at="2021-07-28T22:10:08Z" name="testcase1_2" finished-at="2021-07-28T22:10:10Z" duration-ms="1788" status="PASS">
          <reporter-output>
          </reporter-output>
        </test-method> <!-- testcase1_2 -->
        <test-method is-config="true" signature="afterMethod()[pri:0, instance:Gidproject.artidproject.NewTest@762ef0ea]" started-at="2021-07-28T22:10:10Z" name="afterMethod" finished-at="2021-07-28T22:10:10Z" duration-ms="163" status="PASS">
          <reporter-output>
          </reporter-output>
        </test-method> <!-- afterMethod -->
        <test-method is-config="true" signature="beforeMethod()[pri:0, instance:Gidproject.artidproject.NewTest@762ef0ea]" started-at="2021-07-28T22:10:10Z" name="beforeMethod" finished-at="2021-07-28T22:10:14Z" duration-ms="4353" status="PASS">
          <reporter-output>
          </reporter-output>
        </test-method> <!-- beforeMethod -->
        <test-method signature="testcase1_3()[pri:2, instance:Gidproject.artidproject.NewTest@762ef0ea]" started-at="2021-07-28T22:10:14Z" name="testcase1_3" finished-at="2021-07-28T22:10:16Z" duration-ms="2007" status="PASS">
          <reporter-output>
          </reporter-output>
        </test-method> <!-- testcase1_3 -->
        <test-method is-config="true" signature="afterMethod()[pri:0, instance:Gidproject.artidproject.NewTest@762ef0ea]" started-at="2021-07-28T22:10:16Z" name="afterMethod" finished-at="2021-07-28T22:10:16Z" duration-ms="130" status="PASS">
          <reporter-output>
          </reporter-output>
        </test-method> <!-- afterMethod -->
      </class> <!-- Gidproject.artidproject.NewTest -->
      <class name="Gidproject.artidproject.NewTest1">
        <test-method is-config="true" signature="beforeMethod()[pri:0, instance:Gidproject.artidproject.NewTest1@31f9b85e]" started-at="2021-07-28T22:09:37Z" name="beforeMethod" finished-at="2021-07-28T22:09:42Z" duration-ms="5148" status="PASS">
          <reporter-output>
          </reporter-output>
        </test-method> <!-- beforeMethod -->
        <test-method signature="f()[pri:0, instance:Gidproject.artidproject.NewTest1@31f9b85e]" started-at="2021-07-28T22:09:42Z" name="f" finished-at="2021-07-28T22:09:47Z" duration-ms="4620" status="PASS">
          <reporter-output>
          </reporter-output>
        </test-method> <!-- f -->
        <test-method is-config="true" signature="afterMethod()[pri:0, instance:Gidproject.artidproject.NewTest1@31f9b85e]" started-at="2021-07-28T22:09:47Z" name="afterMethod" finished-at="2021-07-28T22:09:47Z" duration-ms="133" status="PASS">
          <reporter-output>
          </reporter-output>
        </test-method> <!-- afterMethod -->
      </class> <!-- Gidproject.artidproject.NewTest1 -->
    </test> <!-- test1 -->
  </suite> <!-- Suite -->
</testng-results>
